build/outputs/logs/manifest-merger-debug-report.txt
-- Merging decision tree log ---
manifest
ADDED from src/main/AndroidManifest.xml:2:1-199:12
	package
		ADDED from src/main/AndroidManifest.xml:4:5-37
		INJECTED from src/main/AndroidManifest.xml
		INJECTED from src/main/AndroidManifest.xml
	android:versionName
		INJECTED from src/main/AndroidManifest.xml
		INJECTED from src/main/AndroidManifest.xml
	xmlns:tools
		ADDED from src/main/AndroidManifest.xml:3:5-51
	xmlns:android
		ADDED from src/main/AndroidManifest.xml:2:11-69
	android:versionCode
		INJECTED from src/main/AndroidManifest.xml
		INJECTED from src/main/AndroidManifest.xml
uses-sdk
ADDED from src/main/AndroidManifest.xml:6:5-9:198
MERGED from [:open_ad_sdk:] AndroidManifest.xml:8:5-11:611
MERGED from [:circleimageview-2.2.0:] AndroidManifest.xml:5:5-7:41
MERGED from [:LayoutManagerGroup:] AndroidManifest.xml:7:5-9:41
MERGED from [:hellodaemon-1.2.2:] AndroidManifest.xml:7:5-9:41
MERGED from [io.reactivex.rxjava2:rxandroid:2.0.1] AndroidManifest.xml:19:5-43
MERGED from [com.android.support:appcompat-v7:27.1.1] AndroidManifest.xml:20:5-44
MERGED from [com.android.support:animated-vector-drawable:27.1.1] AndroidManifest.xml:20:5-44
MERGED from [com.android.support:support-vector-drawable:27.1.1] AndroidManifest.xml:20:5-44
MERGED from [com.android.support:support-v4:27.1.1] AndroidManifest.xml:20:5-44
MERGED from [com.android.support:support-media-compat:27.1.1] AndroidManifest.xml:20:5-44
MERGED from [com.android.support:support-fragment:27.1.1] AndroidManifest.xml:20:5-44
MERGED from [android.arch.lifecycle:livedata-core:1.1.0] AndroidManifest.xml:20:5-44
MERGED from [android.arch.core:runtime:1.1.0] AndroidManifest.xml:20:5-44
MERGED from [android.arch.lifecycle:viewmodel:1.1.0] AndroidManifest.xml:20:5-44
MERGED from [com.squareup.leakcanary:leakcanary-android-no-op:1.5.4] AndroidManifest.xml:20:5-44
MERGED from [com.android.support:recyclerview-v7:27.1.1] AndroidManifest.xml:20:5-44
MERGED from [com.android.support:support-core-ui:27.1.1] AndroidManifest.xml:20:5-44
MERGED from [com.android.support:support-core-utils:27.1.1] AndroidManifest.xml:20:5-44
MERGED from [com.android.support:support-compat:27.1.1] AndroidManifest.xml:20:5-44
MERGED from [android.arch.lifecycle:runtime:1.1.0] AndroidManifest.xml:20:5-44
MERGED from [com.android.support:multidex:1.0.3] AndroidManifest.xml:20:5-43
MERGED from [:mopub-sdk-base-5.8.0:] AndroidManifest.xml:7:5-9:41
MERGED from [:mopub-sdk-banner-5.8.0:] AndroidManifest.xml:7:5-9:41
MERGED from [:mopub-sdk-interstitial-5.8.0:] AndroidManifest.xml:7:5-9:41
MERGED from [:mopub-sdk-rewardedvideo-5.8.0:] AndroidManifest.xml:7:5-9:41
MERGED from [:play-services-ads-17.2.0:] AndroidManifest.xml:21:5-23:62
MERGED from [:play-services-ads-base-17.2.0:] AndroidManifest.xml:5:5-44
MERGED from [:play-services-ads-identifier-16.0.0:] AndroidManifest.xml:20:5-44
MERGED from [:play-services-ads-lite-17.2.0:] AndroidManifest.xml:20:5-44
MERGED from [:play-services-basement-16.0.1:] AndroidManifest.xml:20:5-44
MERGED from [:play-services-gass-17.2.0:] AndroidManifest.xml:5:5-44
MERGED from [:play-services-measurement-base-16.3.0:] AndroidManifest.xml:5:5-44
MERGED from [:play-services-measurement-sdk-api-16.3.0:] AndroidManifest.xml:20:5-44
	tools:overrideLibrary
		ADDED from src/main/AndroidManifest.xml:6:5-9:198
	android:targetSdkVersion
		INJECTED from src/main/AndroidManifest.xml
		INJECTED from src/main/AndroidManifest.xml
	android:minSdkVersion
		INJECTED from src/main/AndroidManifest.xml
		INJECTED from src/main/AndroidManifest.xml
uses-permission#android.permission.INTERNET
ADDED from src/main/AndroidManifest.xml:12:5-67
MERGED from [:open_ad_sdk:] AndroidManifest.xml:19:5-67
MERGED from [:play-services-ads-lite-17.2.0:] AndroidManifest.xml:23:5-67
MERGED from [:play-services-measurement-sdk-api-16.3.0:] AndroidManifest.xml:23:5-67
	android:name
		ADDED from src/main/AndroidManifest.xml:12:22-72
uses-permission#android.permission.READ_PHONE_STATE
ADDED from src/main/AndroidManifest.xml:15:5-75
MERGED from [:open_ad_sdk:] AndroidManifest.xml:20:5-75
	android:name
		ADDED from src/main/AndroidManifest.xml:15:22-73
uses-permission#android.permission.ACCESS_NETWORK_STATE
ADDED from src/main/AndroidManifest.xml:16:5-79
MERGED from [:open_ad_sdk:] AndroidManifest.xml:13:5-79
MERGED from [:hellodaemon-1.2.2:] AndroidManifest.xml:12:5-79
MERGED from [:play-services-ads-lite-17.2.0:] AndroidManifest.xml:24:5-79
MERGED from [:play-services-measurement-sdk-api-16.3.0:] AndroidManifest.xml:24:5-79
	android:name
		ADDED from src/main/AndroidManifest.xml:16:22-78
uses-permission#android.permission.WRITE_EXTERNAL_STORAGE
ADDED from src/main/AndroidManifest.xml:17:5-81
MERGED from [:open_ad_sdk:] AndroidManifest.xml:14:5-81
	android:name
		ADDED from src/main/AndroidManifest.xml:17:22-80
uses-permission#android.permission.ACCESS_WIFI_STATE
ADDED from src/main/AndroidManifest.xml:18:5-76
	android:name
		ADDED from src/main/AndroidManifest.xml:18:22-65
uses-permission#android.permission.ACCESS_COARSE_LOCATION
ADDED from src/main/AndroidManifest.xml:19:5-81
	android:name
		ADDED from src/main/AndroidManifest.xml:19:22-65
uses-permission#android.permission.REQUEST_INSTALL_PACKAGES
ADDED from src/main/AndroidManifest.xml:20:5-83
	android:name
		ADDED from src/main/AndroidManifest.xml:20:5-83
uses-permission#android.permission.GET_TASKS
ADDED from src/main/AndroidManifest.xml:22:5-68
	android:name
		ADDED from src/main/AndroidManifest.xml:22:22-76
uses-permission#android.permission.WAKE_LOCK
ADDED from src/main/AndroidManifest.xml:25:5-68
MERGED from [:play-services-measurement-sdk-api-16.3.0:] AndroidManifest.xml:25:5-68
	android:name
		ADDED from src/main/AndroidManifest.xml:25:22-75
uses-permission#android.permission.ACCESS_FINE_LOCATION
ADDED from src/main/AndroidManifest.xml:23:5-29:79
	android:name
		ADDED from src/main/AndroidManifest.xml:24:9-40
uses-permission#android.permission.RECEIVE_USER_PRESENT
ADDED from src/main/AndroidManifest.xml:31:9-32:79
	android:name
		ADDED from src/main/AndroidManifest.xml:32:13-61
uses-permission#android.permission.SYSTEM_ALERT_WINDOW
ADDED from src/main/AndroidManifest.xml:30:9-33:78
	android:name
		ADDED from src/main/AndroidManifest.xml:31:13-61
uses-permission#android.permission.EXPAND_STATUS_BAR
ADDED from src/main/AndroidManifest.xml:33:9-34:76
	android:name
		ADDED from src/main/AndroidManifest.xml:34:13-50
application
ADDED from src/main/AndroidManifest.xml:42:9-196:19
MERGED from [:open_ad_sdk:] AndroidManifest.xml:22:5-131:19
MERGED from [:circleimageview-2.2.0:] AndroidManifest.xml:9:5-20
MERGED from [:hellodaemon-1.2.2:] AndroidManifest.xml:15:5-54:19
MERGED from [:mopub-sdk-base-5.8.0:] AndroidManifest.xml:11:5-20
MERGED from [:mopub-sdk-banner-5.8.0:] AndroidManifest.xml:11:5-20
MERGED from [:mopub-sdk-interstitial-5.8.0:] AndroidManifest.xml:11:5-20
MERGED from [:mopub-sdk-rewardedvideo-5.8.0:] AndroidManifest.xml:11:5-20
MERGED from [:play-services-ads-base-17.2.0:] AndroidManifest.xml:7:5-20
MERGED from [:play-services-ads-identifier-16.0.0:] AndroidManifest.xml:22:5-20
MERGED from [:play-services-ads-lite-17.2.0:] AndroidManifest.xml:26:5-40:19
MERGED from [:play-services-basement-16.0.1:] AndroidManifest.xml:22:5-26:19
MERGED from [:play-services-gass-17.2.0:] AndroidManifest.xml:7:5-20
MERGED from [:play-services-measurement-base-16.3.0:] AndroidManifest.xml:7:5-20
MERGED from [:play-services-measurement-sdk-api-16.3.0:] AndroidManifest.xml:27:5-28:19
	android:appComponentFactory
		ADDED from src/main/AndroidManifest.xml:42:9-196:19
	android:label
		ADDED from [:open_ad_sdk:] AndroidManifest.xml:23:9-41
	tools:ignore
		ADDED from src/main/AndroidManifest.xml:42:9-196:19
	android:allowBackup
		ADDED from src/main/AndroidManifest.xml:42:9-196:19
	android:icon
		ADDED from src/main/AndroidManifest.xml:42:9-196:19
	android:networkSecurityConfig
		ADDED from src/main/AndroidManifest.xml:42:9-196:19
	android:theme
		ADDED from src/main/AndroidManifest.xml:76:13-48
	tools:replace
		ADDED from src/main/AndroidManifest.xml:42:9-196:19
	android:name
		ADDED from src/main/AndroidManifest.xml:43:13-54
	android:usesCleartextTraffic
		ADDED from [:open_ad_sdk:] AndroidManifest.xml:24:9-44
activity#com.union_test.toutiao.activity.NativeWaterfallActivity
ADDED from src/main/AndroidManifest.xml:50:9-15
	android:screenOrientation
		ADDED from src/main/AndroidManifest.xml:50:9-15
	android:configChanges
		ADDED from src/main/AndroidManifest.xml:50:9-15
	android:name
		ADDED from src/main/AndroidManifest.xml:50:9-15
activity#com.union_test.toutiao.activity.MainActivity
ADDED from src/main/AndroidManifest.xml:54:9-56:20
	android:screenOrientation
		ADDED from src/main/AndroidManifest.xml:54:9-56:20
	android:launchMode
		ADDED from src/main/AndroidManifest.xml:54:9-56:20
	android:configChanges
		ADDED from src/main/AndroidManifest.xml:56:13-68
	android:name
		ADDED from src/main/AndroidManifest.xml:55:13-58
activity#com.union_test.toutiao.activity.NativeBannerActivity
ADDED from src/main/AndroidManifest.xml:58:9-60:52
	android:screenOrientation
		ADDED from src/main/AndroidManifest.xml:58:9-60:52
	android:configChanges
		ADDED from src/main/AndroidManifest.xml:60:13-68
	android:name
		ADDED from src/main/AndroidManifest.xml:59:13-63
activity#com.union_test.toutiao.activity.FeedListActivity
ADDED from src/main/AndroidManifest.xml:62:9-64:52
	android:screenOrientation
		ADDED from src/main/AndroidManifest.xml:62:9-64:52
	android:configChanges
		ADDED from src/main/AndroidManifest.xml:64:13-68
	android:name
		ADDED from src/main/AndroidManifest.xml:63:13-57
activity#com.union_test.toutiao.activity.AllTestToolActivity
ADDED from src/main/AndroidManifest.xml:67:9-68:52
	android:screenOrientation
		ADDED from src/main/AndroidManifest.xml:67:9-68:52
	android:configChanges
		ADDED from src/main/AndroidManifest.xml:67:9-68:52
	android:name
		ADDED from src/main/AndroidManifest.xml:68:13-61
activity#com.union_test.toutiao.activity.IpPortToolActivity
ADDED from src/main/AndroidManifest.xml:71:9-72:52
	android:screenOrientation
		ADDED from src/main/AndroidManifest.xml:71:9-72:52
	android:configChanges
		ADDED from src/main/AndroidManifest.xml:71:9-72:52
	android:name
		ADDED from src/main/AndroidManifest.xml:72:13-52
activity#com.union_test.toutiao.activity.FeedRecyclerActivity
ADDED from src/main/AndroidManifest.xml:76:17-52
	android:screenOrientation
		ADDED from src/main/AndroidManifest.xml:76:17-52
	android:configChanges
		ADDED from src/main/AndroidManifest.xml:76:17-52
	android:name
		ADDED from src/main/AndroidManifest.xml:76:17-52
activity#com.union_test.toutiao.activity.NativeInteractionActivity
ADDED from src/main/AndroidManifest.xml:79:9-80:52
	android:screenOrientation
		ADDED from src/main/AndroidManifest.xml:79:9-80:52
	android:configChanges
		ADDED from src/main/AndroidManifest.xml:79:9-80:52
	android:name
		ADDED from src/main/AndroidManifest.xml:79:9-80:52
activity#com.union_test.toutiao.activity.RewardVideoActivity
ADDED from src/main/AndroidManifest.xml:83:9-84:52
	android:screenOrientation
		ADDED from src/main/AndroidManifest.xml:83:9-84:52
	android:configChanges
		ADDED from src/main/AndroidManifest.xml:83:9-84:52
	android:name
		ADDED from src/main/AndroidManifest.xml:84:13-68
activity#com.union_test.toutiao.activity.FullScreenVideoActivity
ADDED from src/main/AndroidManifest.xml:88:9-89:52
	android:screenOrientation
		ADDED from src/main/AndroidManifest.xml:88:9-89:52
	android:configChanges
		ADDED from src/main/AndroidManifest.xml:88:9-89:52
	android:name
		ADDED from src/main/AndroidManifest.xml:89:13-59
activity#com.union_test.toutiao.activity.SplashActivity
ADDED from src/main/AndroidManifest.xml:94:9-101:20
	android:screenOrientation
		ADDED from src/main/AndroidManifest.xml:98:13-49
	android:configChanges
		ADDED from src/main/AndroidManifest.xml:96:13-74
	android:theme
		ADDED from src/main/AndroidManifest.xml:94:9-101:20
	android:name
		ADDED from src/main/AndroidManifest.xml:95:13-63
intent-filter#android.intent.action.MAIN+android.intent.category.LAUNCHER
ADDED from src/main/AndroidManifest.xml:94:9-99:29
action#android.intent.action.MAIN
ADDED from src/main/AndroidManifest.xml:94:9-97:69
	android:name
		ADDED from src/main/AndroidManifest.xml:95:13-63
category#android.intent.category.LAUNCHER
ADDED from src/main/AndroidManifest.xml:97:9-98:77
	android:name
		ADDED from src/main/AndroidManifest.xml:97:9-98:77
activity#com.union_test.toutiao.activity.DrawNativeVideoActivity
ADDED from src/main/AndroidManifest.xml:106:9-108:20
	android:screenOrientation
		ADDED from src/main/AndroidManifest.xml:106:9-108:20
	android:configChanges
		ADDED from src/main/AndroidManifest.xml:106:9-108:20
	android:name
		ADDED from src/main/AndroidManifest.xml:107:13-70
activity#com.union_test.toutiao.activity.DrawNativeExpressVideoActivity
ADDED from src/main/AndroidManifest.xml:111:13-114:20
	android:screenOrientation
		ADDED from src/main/AndroidManifest.xml:111:13-114:20
	android:configChanges
		ADDED from src/main/AndroidManifest.xml:111:13-114:20
	android:name
		ADDED from src/main/AndroidManifest.xml:112:17-67
activity#com.union_test.toutiao.activity.NativeExpressActivity
ADDED from src/main/AndroidManifest.xml:114:9-120:20
	android:screenOrientation
		ADDED from src/main/AndroidManifest.xml:114:9-120:20
	android:configChanges
		ADDED from src/main/AndroidManifest.xml:114:9-120:20
	android:name
		ADDED from src/main/AndroidManifest.xml:115:13-80
activity#com.union_test.toutiao.activity.NativeExpressListActivity
ADDED from src/main/AndroidManifest.xml:126:9-51
	android:screenOrientation
		ADDED from src/main/AndroidManifest.xml:126:9-51
	android:windowSoftInputMode
		ADDED from src/main/AndroidManifest.xml:126:9-51
	android:configChanges
		ADDED from src/main/AndroidManifest.xml:126:9-51
	android:name
		ADDED from src/main/AndroidManifest.xml:126:19-74
activity#com.union_test.toutiao.activity.InteractionExpressActivity
ADDED from src/main/AndroidManifest.xml:129:9-131:20
	android:screenOrientation
		ADDED from src/main/AndroidManifest.xml:129:9-131:20
	android:configChanges
		ADDED from src/main/AndroidManifest.xml:129:9-131:20
	android:name
		ADDED from src/main/AndroidManifest.xml:129:9-131:20
activity#com.union_test.toutiao.activity.BannerExpressActivity
ADDED from src/main/AndroidManifest.xml:129:9-137:20
	android:screenOrientation
		ADDED from src/main/AndroidManifest.xml:133:13-49
	android:configChanges
		ADDED from src/main/AndroidManifest.xml:131:13-74
	android:name
		ADDED from src/main/AndroidManifest.xml:130:13-62
provider#com.bytedance.sdk.openadsdk.TTFileProvider
ADDED from src/main/AndroidManifest.xml:143:9-147:20
	android:authorities
		ADDED from src/main/AndroidManifest.xml:143:9-147:20
		INJECTED from src/main/AndroidManifest.xml
	android:grantUriPermissions
		ADDED from src/main/AndroidManifest.xml:143:9-147:20
	android:exported
		ADDED from src/main/AndroidManifest.xml:143:9-147:20
	android:name
		ADDED from src/main/AndroidManifest.xml:143:19-80
meta-data#android.support.FILE_PROVIDER_PATHS
ADDED from src/main/AndroidManifest.xml:145:9-146:54
	android:resource
		ADDED from src/main/AndroidManifest.xml:145:9-146:54
	android:name
		ADDED from src/main/AndroidManifest.xml:146:13-67
provider#com.bytedance.sdk.openadsdk.multipro.TTMultiProvider
ADDED from src/main/AndroidManifest.xml:152:9-40
	android:authorities
		ADDED from src/main/AndroidManifest.xml:152:9-40
		INJECTED from src/main/AndroidManifest.xml
	android:exported
		ADDED from src/main/AndroidManifest.xml:152:9-40
	android:name
		ADDED from src/main/AndroidManifest.xml:152:9-40
service#com.union_test.toutiao.service.AppDownloadService
ADDED from src/main/AndroidManifest.xml:152:9-154:63
	android:name
		ADDED from src/main/AndroidManifest.xml:153:13-57
service#com.locker.service.TraceService
ADDED from src/main/AndroidManifest.xml:155:9-157:67
	android:name
		ADDED from src/main/AndroidManifest.xml:156:13-61
service#com.locker.service.LockerService
ADDED from src/main/AndroidManifest.xml:161:9-162:39
	android:enabled
		ADDED from src/main/AndroidManifest.xml:161:9-162:39
	android:exported
		ADDED from src/main/AndroidManifest.xml:161:9-162:39
	android:name
		ADDED from src/main/AndroidManifest.xml:162:13-69
receiver#com.locker.receiver.BootCompleteReceiver
ADDED from src/main/AndroidManifest.xml:163:9-169:20
	android:name
		ADDED from src/main/AndroidManifest.xml:164:13-72
intent-filter#android.intent.action.BOOT_COMPLETED+android.intent.category.LAUNCHER
ADDED from src/main/AndroidManifest.xml:163:9-168:29
action#android.intent.action.BOOT_COMPLETED
ADDED from src/main/AndroidManifest.xml:166:9-79
	android:name
		ADDED from src/main/AndroidManifest.xml:166:19-94
activity#com.locker.activity.LockerActivity
ADDED from src/main/AndroidManifest.xml:178:9-179:73
	android:screenOrientation
		ADDED from src/main/AndroidManifest.xml:178:9-179:73
	android:hardwareAccelerated
		ADDED from src/main/AndroidManifest.xml:178:9-179:73
	android:launchMode
		ADDED from src/main/AndroidManifest.xml:178:9-179:73
	android:exported
		ADDED from src/main/AndroidManifest.xml:178:9-179:73
	android:windowSoftInputMode
		ADDED from src/main/AndroidManifest.xml:178:9-179:73
	android:configChanges
		ADDED from src/main/AndroidManifest.xml:178:9-179:73
	android:theme
		ADDED from src/main/AndroidManifest.xml:178:9-179:73
	android:name
		ADDED from src/main/AndroidManifest.xml:179:13-69
activity#com.union_test.toutiao.activity.PlayableToolActivity
ADDED from src/main/AndroidManifest.xml:183:9-184:15
	android:screenOrientation
		ADDED from src/main/AndroidManifest.xml:183:9-184:15
	android:launchMode
		ADDED from src/main/AndroidManifest.xml:183:9-184:15
	android:configChanges
		ADDED from src/main/AndroidManifest.xml:183:9-184:15
	android:name
		ADDED from src/main/AndroidManifest.xml:184:13-58
activity#com.mopub.actiivity.MopubRewardedVideoActivity
ADDED from src/main/AndroidManifest.xml:185:5-83
	android:name
		ADDED from src/main/AndroidManifest.xml:185:5-83
activity#com.mopub.actiivity.MopubFullVideoActivity
ADDED from src/main/AndroidManifest.xml:186:1-79
	android:name
		ADDED from src/main/AndroidManifest.xml:186:1-79
activity#com.mopub.actiivity.MopubBannerActivity
ADDED from src/main/AndroidManifest.xml:186:1-75
	android:screenOrientation
		ADDED from src/main/AndroidManifest.xml:186:1-75
	android:windowSoftInputMode
		ADDED from src/main/AndroidManifest.xml:186:1-75
	android:configChanges
		ADDED from src/main/AndroidManifest.xml:186:1-75
	android:name
		ADDED from src/main/AndroidManifest.xml:186:1-75
activity#com.mopub.actiivity.MopubInterstitialActivity
ADDED from src/main/AndroidManifest.xml:186:1-82
	android:name
		ADDED from src/main/AndroidManifest.xml:186:1-82
activity#com.union_test.toutiao.activity.AdapterMopubActivity
ADDED from src/main/AndroidManifest.xml:186:5-188:20
	android:name
		ADDED from src/main/AndroidManifest.xml:186:5-188:20
activity#com.mopub.common.MoPubBrowser
ADDED from src/main/AndroidManifest.xml:188:1-77
	android:configChanges
		ADDED from src/main/AndroidManifest.xml:188:1-77
	android:name
		ADDED from src/main/AndroidManifest.xml:188:1-77
activity#com.mopub.mobileads.MoPubActivity
ADDED from src/main/AndroidManifest.xml:188:1-77
	android:configChanges
		ADDED from src/main/AndroidManifest.xml:188:1-77
	android:name
		ADDED from src/main/AndroidManifest.xml:188:1-77
activity#com.mopub.mobileads.MraidActivity
ADDED from src/main/AndroidManifest.xml:188:1-77
	android:configChanges
		ADDED from src/main/AndroidManifest.xml:188:1-77
	android:name
		ADDED from src/main/AndroidManifest.xml:188:1-77
activity#com.mopub.mobileads.RewardedMraidActivity
ADDED from src/main/AndroidManifest.xml:188:1-77
	android:configChanges
		ADDED from src/main/AndroidManifest.xml:188:1-77
	android:name
		ADDED from src/main/AndroidManifest.xml:188:1-77
activity#com.mopub.mobileads.MraidVideoPlayerActivity
ADDED from src/main/AndroidManifest.xml:188:1-77
	android:configChanges
		ADDED from src/main/AndroidManifest.xml:188:1-77
	android:name
		ADDED from src/main/AndroidManifest.xml:188:1-77
activity#com.google.ads.mediation.sample.activity.AdmobBannerActivity
ADDED from src/main/AndroidManifest.xml:188:1-97
	android:name
		ADDED from src/main/AndroidManifest.xml:188:1-97
activity#com.google.ads.mediation.sample.activity.AdmobInterstitialActivity
ADDED from src/main/AndroidManifest.xml:188:1-103
	android:name
		ADDED from src/main/AndroidManifest.xml:188:1-103
activity#com.google.ads.mediation.sample.activity.AdmobFullVideoActivity
ADDED from src/main/AndroidManifest.xml:188:1-100
	android:name
		ADDED from src/main/AndroidManifest.xml:188:1-100
activity#com.union_test.toutiao.activity.AdapterGoogleMainActivity
ADDED from src/main/AndroidManifest.xml:185:9-190:72
	android:name
		ADDED from src/main/AndroidManifest.xml:186:13-58
activity#com.union_test.toutiao.activity.AdapterActivity
ADDED from src/main/AndroidManifest.xml:190:1-62
	android:name
		ADDED from src/main/AndroidManifest.xml:190:1-62
activity#com.google.ads.mediation.sample.activity.AdmobRewardVideoActivity
ADDED from src/main/AndroidManifest.xml:190:1-102
	android:name
		ADDED from src/main/AndroidManifest.xml:190:1-102
activity#com.union_test.toutiao.activity.AllExpressAdActivity
ADDED from src/main/AndroidManifest.xml:188:9-193:67
	android:name
		ADDED from src/main/AndroidManifest.xml:189:13-58
meta-data#com.google.android.gms.ads.APPLICATION_ID
ADDED from src/main/AndroidManifest.xml:196:1-69
	android:value
		ADDED from src/main/AndroidManifest.xml:196:1-69
	android:name
		ADDED from src/main/AndroidManifest.xml:196:1-69
meta-data#com.google.android.gms.version
ADDED from src/main/AndroidManifest.xml:196:1-69
MERGED from [:play-services-basement-16.0.1:] AndroidManifest.xml:23:9-25:69
	android:value
		ADDED from src/main/AndroidManifest.xml:196:1-69
	android:name
		ADDED from src/main/AndroidManifest.xml:196:1-69
android:uses-permission#android.permission.READ_EXTERNAL_STORAGE
ADDED from [:open_ad_sdk:] AndroidManifest.xml:16:5-88
	android:name
		ADDED from [:open_ad_sdk:] AndroidManifest.xml:16:30-85
uses-permission#com.asus.msa.SupplementaryDID.ACCESS
ADDED from [:open_ad_sdk:] AndroidManifest.xml:18:5-76
	android:name
		ADDED from [:open_ad_sdk:] AndroidManifest.xml:18:22-73
service#com.ss.android.socialbase.downloader.notification.DownloadNotificationService
ADDED from [:open_ad_sdk:] AndroidManifest.xml:25:9-113
	android:name
		ADDED from [:open_ad_sdk:] AndroidManifest.xml:25:18-110
service#com.ss.android.socialbase.downloader.downloader.DownloadService
ADDED from [:open_ad_sdk:] AndroidManifest.xml:26:9-99
	android:name
		ADDED from [:open_ad_sdk:] AndroidManifest.xml:26:18-96
service#com.ss.android.socialbase.downloader.downloader.IndependentProcessDownloadService
ADDED from [:open_ad_sdk:] AndroidManifest.xml:27:9-34:19
	android:process
		ADDED from [:open_ad_sdk:] AndroidManifest.xml:30:13-42
	android:exported
		ADDED from [:open_ad_sdk:] AndroidManifest.xml:29:13-37
	android:name
		ADDED from [:open_ad_sdk:] AndroidManifest.xml:28:13-109
intent-filter#com.ss.android.socialbase.downloader.remote
ADDED from [:open_ad_sdk:] AndroidManifest.xml:31:13-33:29
action#com.ss.android.socialbase.downloader.remote
ADDED from [:open_ad_sdk:] AndroidManifest.xml:32:17-86
	android:name
		ADDED from [:open_ad_sdk:] AndroidManifest.xml:32:25-83
service#com.ss.android.socialbase.downloader.impls.DownloadHandleService
ADDED from [:open_ad_sdk:] AndroidManifest.xml:35:9-100
	android:name
		ADDED from [:open_ad_sdk:] AndroidManifest.xml:35:18-97
service#com.ss.android.socialbase.downloader.impls.RetryJobSchedulerService
ADDED from [:open_ad_sdk:] AndroidManifest.xml:43:9-47:72
	android:enabled
		ADDED from [:open_ad_sdk:] AndroidManifest.xml:45:13-35
	android:exported
		ADDED from [:open_ad_sdk:] AndroidManifest.xml:46:13-37
	android:permission
		ADDED from [:open_ad_sdk:] AndroidManifest.xml:47:13-69
	android:name
		ADDED from [:open_ad_sdk:] AndroidManifest.xml:44:13-95
service#com.ss.android.socialbase.downloader.downloader.SqlDownloadCacheService
ADDED from [:open_ad_sdk:] AndroidManifest.xml:49:9-107
	android:name
		ADDED from [:open_ad_sdk:] AndroidManifest.xml:49:18-104
service#com.ss.android.socialbase.appdownloader.DownloadHandlerService
ADDED from [:open_ad_sdk:] AndroidManifest.xml:51:9-98
	android:name
		ADDED from [:open_ad_sdk:] AndroidManifest.xml:51:18-95
activity#com.ss.android.socialbase.appdownloader.view.DownloadTaskDeleteActivity
ADDED from [:open_ad_sdk:] AndroidManifest.xml:67:9-70:59
	android:launchMode
		ADDED from [:open_ad_sdk:] AndroidManifest.xml:69:13-44
	android:theme
		ADDED from [:open_ad_sdk:] AndroidManifest.xml:70:13-56
	android:name
		ADDED from [:open_ad_sdk:] AndroidManifest.xml:68:13-99
activity#com.ss.android.socialbase.appdownloader.view.JumpUnknownSourceActivity
ADDED from [:open_ad_sdk:] AndroidManifest.xml:71:9-74:59
	android:launchMode
		ADDED from [:open_ad_sdk:] AndroidManifest.xml:73:13-44
	android:theme
		ADDED from [:open_ad_sdk:] AndroidManifest.xml:74:13-56
	android:name
		ADDED from [:open_ad_sdk:] AndroidManifest.xml:72:13-98
activity#com.ss.android.downloadlib.activity.TTDelegateActivity
ADDED from [:open_ad_sdk:] AndroidManifest.xml:75:9-78:75
	android:launchMode
		ADDED from [:open_ad_sdk:] AndroidManifest.xml:77:13-44
	android:theme
		ADDED from [:open_ad_sdk:] AndroidManifest.xml:78:13-72
	android:name
		ADDED from [:open_ad_sdk:] AndroidManifest.xml:76:13-82
activity#com.ss.android.downloadlib.guide.install.InstallGuideActivity
ADDED from [:open_ad_sdk:] AndroidManifest.xml:79:9-82:75
	android:launchMode
		ADDED from [:open_ad_sdk:] AndroidManifest.xml:81:13-44
	android:theme
		ADDED from [:open_ad_sdk:] AndroidManifest.xml:82:13-72
	android:name
		ADDED from [:open_ad_sdk:] AndroidManifest.xml:80:13-89
receiver#com.ss.android.downloadlib.core.download.DownloadReceiver
ADDED from [:open_ad_sdk:] AndroidManifest.xml:84:9-94
	android:name
		ADDED from [:open_ad_sdk:] AndroidManifest.xml:84:19-91
activity#com.bytedance.sdk.openadsdk.activity.base.TTWebPageActivity
ADDED from [:open_ad_sdk:] AndroidManifest.xml:85:9-89:57
	android:launchMode
		ADDED from [:open_ad_sdk:] AndroidManifest.xml:88:13-42
	android:windowSoftInputMode
		ADDED from [:open_ad_sdk:] AndroidManifest.xml:89:13-54
	android:configChanges
		ADDED from [:open_ad_sdk:] AndroidManifest.xml:87:13-74
	android:name
		ADDED from [:open_ad_sdk:] AndroidManifest.xml:86:13-87
activity#com.bytedance.sdk.openadsdk.activity.base.TTPlayableWebPageActivity
ADDED from [:open_ad_sdk:] AndroidManifest.xml:90:9-94:57
	android:launchMode
		ADDED from [:open_ad_sdk:] AndroidManifest.xml:93:13-42
	android:windowSoftInputMode
		ADDED from [:open_ad_sdk:] AndroidManifest.xml:94:13-54
	android:configChanges
		ADDED from [:open_ad_sdk:] AndroidManifest.xml:92:13-74
	android:name
		ADDED from [:open_ad_sdk:] AndroidManifest.xml:91:13-95
activity#com.bytedance.sdk.openadsdk.activity.base.TTVideoWebPageActivity
ADDED from [:open_ad_sdk:] AndroidManifest.xml:95:9-99:57
	android:launchMode
		ADDED from [:open_ad_sdk:] AndroidManifest.xml:98:13-42
	android:windowSoftInputMode
		ADDED from [:open_ad_sdk:] AndroidManifest.xml:99:13-54
	android:configChanges
		ADDED from [:open_ad_sdk:] AndroidManifest.xml:97:13-74
	android:name
		ADDED from [:open_ad_sdk:] AndroidManifest.xml:96:13-92
activity#com.bytedance.sdk.openadsdk.activity.base.TTDelegateActivity
ADDED from [:open_ad_sdk:] AndroidManifest.xml:100:9-103:75
	android:launchMode
		ADDED from [:open_ad_sdk:] AndroidManifest.xml:102:13-44
	android:theme
		ADDED from [:open_ad_sdk:] AndroidManifest.xml:103:13-72
	android:name
		ADDED from [:open_ad_sdk:] AndroidManifest.xml:101:13-88
activity#com.bytedance.sdk.openadsdk.activity.base.TTRewardVideoActivity
ADDED from [:open_ad_sdk:] AndroidManifest.xml:104:9-107:45
	android:launchMode
		ADDED from [:open_ad_sdk:] AndroidManifest.xml:107:13-42
	android:configChanges
		ADDED from [:open_ad_sdk:] AndroidManifest.xml:106:13-74
	android:name
		ADDED from [:open_ad_sdk:] AndroidManifest.xml:105:13-91
activity#com.bytedance.sdk.openadsdk.activity.base.TTRewardExpressVideoActivity
ADDED from [:open_ad_sdk:] AndroidManifest.xml:108:9-111:45
	android:launchMode
		ADDED from [:open_ad_sdk:] AndroidManifest.xml:111:13-42
	android:configChanges
		ADDED from [:open_ad_sdk:] AndroidManifest.xml:110:13-74
	android:name
		ADDED from [:open_ad_sdk:] AndroidManifest.xml:109:13-98
activity#com.bytedance.sdk.openadsdk.activity.base.TTFullScreenVideoActivity
ADDED from [:open_ad_sdk:] AndroidManifest.xml:112:9-115:45
	android:launchMode
		ADDED from [:open_ad_sdk:] AndroidManifest.xml:115:13-42
	android:configChanges
		ADDED from [:open_ad_sdk:] AndroidManifest.xml:114:13-74
	android:name
		ADDED from [:open_ad_sdk:] AndroidManifest.xml:113:13-95
activity#com.bytedance.sdk.openadsdk.activity.base.TTFullScreenExpressVideoActivity
ADDED from [:open_ad_sdk:] AndroidManifest.xml:116:9-119:45
	android:launchMode
		ADDED from [:open_ad_sdk:] AndroidManifest.xml:119:13-42
	android:configChanges
		ADDED from [:open_ad_sdk:] AndroidManifest.xml:118:13-74
	android:name
		ADDED from [:open_ad_sdk:] AndroidManifest.xml:117:13-102
service#com.bytedance.sdk.openadsdk.multipro.aidl.BinderPoolService
ADDED from [:open_ad_sdk:] AndroidManifest.xml:121:9-95
	android:name
		ADDED from [:open_ad_sdk:] AndroidManifest.xml:121:18-92
receiver#com.bytedance.embedapplog.collector.Collector
ADDED from [:open_ad_sdk:] AndroidManifest.xml:123:9-126:39
	android:enabled
		ADDED from [:open_ad_sdk:] AndroidManifest.xml:125:13-35
	android:exported
		ADDED from [:open_ad_sdk:] AndroidManifest.xml:126:13-36
	android:name
		ADDED from [:open_ad_sdk:] AndroidManifest.xml:124:13-73
service#com.bytedance.tea.crash.upload.CrashUploadService
ADDED from [:open_ad_sdk:] AndroidManifest.xml:128:9-130:39
	android:process
		ADDED from [:open_ad_sdk:] AndroidManifest.xml:130:13-36
	android:name